RobotStatus::TimeSeries Test
Set time is 1.2939 ms
Single Matrix time is 0.490958 ms
Sort time is 0.027868 ms
999 999 999
999 999 999
999 999 999
1421664
992 992 992
992 992 992
992 992 992
1412782
993 993 993
993 993 993
993 993 993
1414021
994 994 994
994 994 994
994 994 994
1415353
995 995 995
995 995 995
995 995 995
1416600
996 996 996
996 996 996
996 996 996
1417857
997 997 997
997 997 997
997 997 997
1419082
998 998 998
998 998 998
998 998 998
1420398

Random access time is 0.003278 ms
999 999 999
999 999 999
999 999 999
998 998 998
998 998 998
998 998 998
997 997 997
997 997 997
997 997 997
RobotStatus::Information Test
robot.conf
1.30291 ms
1.27021 ms
1.49101 ms
1.50381 ms
1.46947 ms
1.4672 ms
1.50769 ms
1.46445 ms
1.47142 ms
1.48545 ms
